<?xml version="1.0" encoding="UTF-8"?>
<!-- Generated by org.testng.reporters.JUnitReportReporter -->
<testsuite skipped="0" hostname="LAPTOP-JVNL5G83" name="MiniRestApiProject.MiniRestApiProject.Update_a_Game" tests="2" failures="0" timestamp="11 Apr 2020 05:22:43 GMT" time="0.003" errors="0">
  <testcase name="getResponseBody" time="0.002" classname="MiniRestApiProject.MiniRestApiProject.Update_a_Game"/>
  <testcase name="getStatusCode" time="0.001" classname="MiniRestApiProject.MiniRestApiProject.Update_a_Game"/>
</testsuite> <!-- MiniRestApiProject.MiniRestApiProject.Update_a_Game -->
