<?xml version="1.0" encoding="UTF-8"?>
<!-- Generated by org.testng.reporters.JUnitReportReporter -->
<testsuite skipped="0" hostname="LAPTOP-JVNL5G83" name="MiniRestApiProject.MiniRestApiProject.GET_All_Games" tests="2" failures="0" timestamp="11 Apr 2020 05:22:43 GMT" time="0.025" errors="0">
  <testcase name="responseBody" time="0.019" classname="MiniRestApiProject.MiniRestApiProject.GET_All_Games"/>
  <testcase name="getStatusCode" time="0.006" classname="MiniRestApiProject.MiniRestApiProject.GET_All_Games"/>
</testsuite> <!-- MiniRestApiProject.MiniRestApiProject.GET_All_Games -->
