<?xml version="1.0" encoding="UTF-8"?>
<!-- Generated by org.testng.reporters.JUnitReportReporter -->
<testsuite skipped="0" hostname="LAPTOP-JVNL5G83" name="MiniRestApiProject.MiniRestApiProject.Delete_Game" tests="2" failures="0" timestamp="11 Apr 2020 05:22:43 GMT" time="0.001" errors="0">
  <testcase name="getStatusCode" time="0.000" classname="MiniRestApiProject.MiniRestApiProject.Delete_Game"/>
  <testcase name="responseBody" time="0.001" classname="MiniRestApiProject.MiniRestApiProject.Delete_Game"/>
</testsuite> <!-- MiniRestApiProject.MiniRestApiProject.Delete_Game -->
