<?xml version="1.0" encoding="UTF-8"?>
<!-- Generated by org.testng.reporters.JUnitReportReporter -->
<testsuite skipped="0" hostname="LAPTOP-JVNL5G83" name="MiniRestApiProject.MiniRestApiProject.GET_All_Movies" tests="1" failures="0" timestamp="10 Apr 2020 21:52:15 GMT" time="0.006" errors="0">
  <testcase name="getStatusCode" time="0.006" classname="MiniRestApiProject.MiniRestApiProject.GET_All_Movies"/>
</testsuite> <!-- MiniRestApiProject.MiniRestApiProject.GET_All_Movies -->
